
Thu 17 Aug 2023 12:59:35 AM UTC: 
 tests:  0|7
total_score: 0/70
4515ccf
Thu 17 Aug 2023 01:05:10 AM UTC: 
 exercises.c | 10 +++++++++-
 1 file changed, 9 insertions(+), 1 deletion(-)
In file included from test.c:1:
exercises.c: In function ‘findMax’:
exercises.c:14:8: error: ‘i’ undeclared (first use in this function)
   14 |   for (i=0;i>size;i++){
      |        ^
exercises.c:14:8: note: each undeclared identifier is reported only once for each function it appears in
Compilation failed
f71a036
Thu 17 Aug 2023 01:05:24 AM UTC: 
 exercises.c | 2 +-
 1 file changed, 1 insertion(+), 1 deletion(-)
 tests:  0|7
total_score: 0/70
3817c37
Thu 17 Aug 2023 01:07:15 AM UTC: 
 exercises.c | 2 ++
 1 file changed, 2 insertions(+)
 tests:  0|7
total_score: 0/70
68524b0
Thu 17 Aug 2023 01:08:00 AM UTC: 
 exercises.c | 1 +
 1 file changed, 1 insertion(+)
 tests:  0|7
total_score: 0/70
8e36003
Thu 17 Aug 2023 01:11:40 AM UTC: 
 exercises.c | 5 +----
 1 file changed, 1 insertion(+), 4 deletions(-)
 tests:  0|7
total_score: 0/70
aad3269
Thu 17 Aug 2023 01:14:24 AM UTC: 
 exercises.c | 2 +-
 1 file changed, 1 insertion(+), 1 deletion(-)
 tests:  0|6
total_score: 10/70
020fcb6
Thu 17 Aug 2023 01:22:00 AM UTC: 
 exercises.c | 10 +++++++++-
 1 file changed, 9 insertions(+), 1 deletion(-)
 tests:  0|6
total_score: 10/70
c1e19d5
Thu 17 Aug 2023 01:22:20 AM UTC: 
 exercises.c | 2 +-
 1 file changed, 1 insertion(+), 1 deletion(-)
 tests:  0|5
total_score: 20/70
b415b90
Thu 17 Aug 2023 01:29:43 AM UTC: 
 exercises.c | 13 ++++++++++++-
 1 file changed, 12 insertions(+), 1 deletion(-)
In file included from test.c:1:
exercises.c: In function ‘filterEvenNumbers’:
exercises.c:45:7: error: size of array ‘arre’ has non-integer type
   45 |   int arre[newSize];
      |       ^~~~
exercises.c:48:16: error: comparison between pointer and integer [-Werror]
   48 |       for(j=0;j<newSize;j++){
      |                ^
exercises.c:53:15: error: expected expression before ‘]’ token
   53 |   return arre[];
      |               ^
exercises.c:45:7: error: variable ‘arre’ set but not used [-Werror=unused-but-set-variable]
   45 |   int arre[newSize];
      |       ^~~~
exercises.c:54:1: error: control reaches end of non-void function [-Werror=return-type]
   54 | }
      | ^
cc1: all warnings being treated as errors
Compilation failed
2d1df56
Thu 17 Aug 2023 01:30:31 AM UTC: 
 exercises.c | 2 +-
 1 file changed, 1 insertion(+), 1 deletion(-)
In file included from test.c:1:
exercises.c: In function ‘filterEvenNumbers’:
exercises.c:45:7: error: array size missing in ‘arre’
   45 |   int arre[];
      |       ^~~~
exercises.c:48:16: error: comparison between pointer and integer [-Werror]
   48 |       for(j=0;j<newSize;j++){
      |                ^
exercises.c:53:15: error: expected expression before ‘]’ token
   53 |   return arre[];
      |               ^
exercises.c:45:7: error: variable ‘arre’ set but not used [-Werror=unused-but-set-variable]
   45 |   int arre[];
      |       ^~~~
exercises.c:54:1: error: control reaches end of non-void function [-Werror=return-type]
   54 | }
      | ^
cc1: all warnings being treated as errors
Compilation failed
2c5f983
Thu 17 Aug 2023 01:30:37 AM UTC: 
 exercises.c | 2 +-
 1 file changed, 1 insertion(+), 1 deletion(-)
In file included from test.c:1:
exercises.c: In function ‘filterEvenNumbers’:
exercises.c:45:8: error: array size missing in ‘arre’
   45 |   int *arre[];
      |        ^~~~
exercises.c:48:16: error: comparison between pointer and integer [-Werror]
   48 |       for(j=0;j<newSize;j++){
      |                ^
exercises.c:49:16: error: assignment to ‘int *’ from ‘int’ makes pointer from integer without a cast [-Werror=int-conversion]
   49 |         arre[j]=arr[i];
      |                ^
exercises.c:53:15: error: expected expression before ‘]’ token
   53 |   return arre[];
      |               ^
exercises.c:45:8: error: variable ‘arre’ set but not used [-Werror=unused-but-set-variable]
   45 |   int *arre[];
      |        ^~~~
exercises.c:54:1: error: control reaches end of non-void function [-Werror=return-type]
   54 | }
      | ^
cc1: all warnings being treated as errors
Compilation failed
0f71a7e
Thu 17 Aug 2023 01:31:12 AM UTC: 
 exercises.c | 2 +-
 1 file changed, 1 insertion(+), 1 deletion(-)
In file included from test.c:1:
exercises.c: In function ‘filterEvenNumbers’:
exercises.c:45:8: error: size of array ‘arre’ has non-integer type
   45 |   int *arre[newSize];
      |        ^~~~
exercises.c:48:16: error: comparison between pointer and integer [-Werror]
   48 |       for(j=0;j<newSize;j++){
      |                ^
exercises.c:49:16: error: assignment to ‘int *’ from ‘int’ makes pointer from integer without a cast [-Werror=int-conversion]
   49 |         arre[j]=arr[i];
      |                ^
exercises.c:53:15: error: expected expression before ‘]’ token
   53 |   return arre[];
      |               ^
exercises.c:45:8: error: variable ‘arre’ set but not used [-Werror=unused-but-set-variable]
   45 |   int *arre[newSize];
      |        ^~~~
exercises.c:54:1: error: control reaches end of non-void function [-Werror=return-type]
   54 | }
      | ^
cc1: all warnings being treated as errors
Compilation failed
af4267e
Thu 17 Aug 2023 01:31:57 AM UTC: 
 exercises.c | 2 +-
 1 file changed, 1 insertion(+), 1 deletion(-)
In file included from test.c:1:
exercises.c: In function ‘filterEvenNumbers’:
exercises.c:45:7: error: size of array ‘arre’ has non-integer type
   45 |   int arre[newSize];
      |       ^~~~
exercises.c:48:16: error: comparison between pointer and integer [-Werror]
   48 |       for(j=0;j<newSize;j++){
      |                ^
exercises.c:53:15: error: expected expression before ‘]’ token
   53 |   return arre[];
      |               ^
exercises.c:45:7: error: variable ‘arre’ set but not used [-Werror=unused-but-set-variable]
   45 |   int arre[newSize];
      |       ^~~~
exercises.c:54:1: error: control reaches end of non-void function [-Werror=return-type]
   54 | }
      | ^
cc1: all warnings being treated as errors
Compilation failed
bb51c92
Thu 17 Aug 2023 01:33:10 AM UTC: 
 exercises.c | 4 +---
 1 file changed, 1 insertion(+), 3 deletions(-)
In file included from test.c:1:
exercises.c: In function ‘filterEvenNumbers’:
exercises.c:45:7: error: size of array ‘arre’ has non-integer type
   45 |   int arre[newSize];
      |       ^~~~
exercises.c:51:15: error: expected expression before ‘]’ token
   51 |   return arre[];
      |               ^
exercises.c:45:7: error: variable ‘arre’ set but not used [-Werror=unused-but-set-variable]
   45 |   int arre[newSize];
      |       ^~~~
exercises.c:44:10: error: unused variable ‘j’ [-Werror=unused-variable]
   44 |   int i, j;
      |          ^
exercises.c:52:1: error: control reaches end of non-void function [-Werror=return-type]
   52 | }
      | ^
cc1: all warnings being treated as errors
Compilation failed
2cf4a13
Thu 17 Aug 2023 01:33:44 AM UTC: 
 exercises.c | 2 +-
 1 file changed, 1 insertion(+), 1 deletion(-)
In file included from test.c:1:
exercises.c: In function ‘filterEvenNumbers’:
exercises.c:45:7: error: array size missing in ‘arre’
   45 |   int arre[];
      |       ^~~~
exercises.c:51:15: error: expected expression before ‘]’ token
   51 |   return arre[];
      |               ^
exercises.c:45:7: error: variable ‘arre’ set but not used [-Werror=unused-but-set-variable]
   45 |   int arre[];
      |       ^~~~
exercises.c:44:10: error: unused variable ‘j’ [-Werror=unused-variable]
   44 |   int i, j;
      |          ^
exercises.c:52:1: error: control reaches end of non-void function [-Werror=return-type]
   52 | }
      | ^
cc1: all warnings being treated as errors
Compilation failed
3141fd5
Thu 17 Aug 2023 01:34:19 AM UTC: 
 exercises.c | 2 +-
 1 file changed, 1 insertion(+), 1 deletion(-)
In file included from test.c:1:
exercises.c: In function ‘filterEvenNumbers’:
exercises.c:45:7: error: array size missing in ‘arre’
   45 |   int arre[];
      |       ^~~~
exercises.c:51:15: error: expected expression before ‘]’ token
   51 |   return arre[];
      |               ^
exercises.c:45:7: error: variable ‘arre’ set but not used [-Werror=unused-but-set-variable]
   45 |   int arre[];
      |       ^~~~
exercises.c:52:1: error: control reaches end of non-void function [-Werror=return-type]
   52 | }
      | ^
cc1: all warnings being treated as errors
Compilation failed
ba345a9
Thu 17 Aug 2023 01:35:14 AM UTC: 
 exercises.c | 2 +-
 1 file changed, 1 insertion(+), 1 deletion(-)
In file included from test.c:1:
exercises.c: In function ‘filterEvenNumbers’:
exercises.c:51:15: error: expected expression before ‘]’ token
   51 |   return arre[];
      |               ^
exercises.c:45:7: error: variable ‘arre’ set but not used [-Werror=unused-but-set-variable]
   45 |   int arre[size];
      |       ^~~~
exercises.c:52:1: error: control reaches end of non-void function [-Werror=return-type]
   52 | }
      | ^
cc1: all warnings being treated as errors
Compilation failed
841ceef
Thu 17 Aug 2023 01:35:27 AM UTC: 
 exercises.c | 2 +-
 1 file changed, 1 insertion(+), 1 deletion(-)
In file included from test.c:1:
exercises.c: In function ‘filterEvenNumbers’:
exercises.c:51:14: error: returning ‘int’ from a function with return type ‘int *’ makes pointer from integer without a cast [-Werror=int-conversion]
   51 |   return arre[size];
      |          ~~~~^~~~~~
cc1: all warnings being treated as errors
Compilation failed
f8f17ef
Thu 17 Aug 2023 01:35:45 AM UTC: 
 exercises.c | 2 +-
 1 file changed, 1 insertion(+), 1 deletion(-)
In file included from test.c:1:
exercises.c: In function ‘filterEvenNumbers’:
exercises.c:51:10: error: invalid type argument of unary ‘*’ (have ‘int’)
   51 |   return *arre[size];
      |          ^~~~~~~~~~~
exercises.c:52:1: error: control reaches end of non-void function [-Werror=return-type]
   52 | }
      | ^
cc1: all warnings being treated as errors
Compilation failed
e820926
Thu 17 Aug 2023 01:35:55 AM UTC: 
 exercises.c | 2 +-
 1 file changed, 1 insertion(+), 1 deletion(-)
In file included from test.c:1:
exercises.c: In function ‘filterEvenNumbers’:
exercises.c:48:14: error: assignment to ‘int *’ from ‘int’ makes pointer from integer without a cast [-Werror=int-conversion]
   48 |       arre[i]=arr[i];
      |              ^
exercises.c:51:10: error: returning ‘int’ from a function with return type ‘int *’ makes pointer from integer without a cast [-Werror=int-conversion]
   51 |   return *arre[size];
      |          ^~~~~~~~~~~
cc1: all warnings being treated as errors
Compilation failed
4d68569
Thu 17 Aug 2023 01:36:17 AM UTC: 
 exercises.c | 2 +-
 1 file changed, 1 insertion(+), 1 deletion(-)
In file included from test.c:1:
exercises.c: In function ‘filterEvenNumbers’:
exercises.c:48:14: error: request for member ‘arr’ in something not a structure or union
   48 |       arre[i]->arr[i];
      |              ^~
exercises.c:51:10: error: returning ‘int’ from a function with return type ‘int *’ makes pointer from integer without a cast [-Werror=int-conversion]
   51 |   return *arre[size];
      |          ^~~~~~~~~~~
cc1: all warnings being treated as errors
Compilation failed
13848bb
Thu 17 Aug 2023 01:36:41 AM UTC: 
 exercises.c | 2 +-
 1 file changed, 1 insertion(+), 1 deletion(-)
In file included from test.c:1:
exercises.c: In function ‘filterEvenNumbers’:
exercises.c:48:14: error: assignment to ‘int *’ from ‘int’ makes pointer from integer without a cast [-Werror=int-conversion]
   48 |       arre[i]=arr[i];
      |              ^
exercises.c:51:10: error: returning ‘int’ from a function with return type ‘int *’ makes pointer from integer without a cast [-Werror=int-conversion]
   51 |   return *arre[size];
      |          ^~~~~~~~~~~
cc1: all warnings being treated as errors
Compilation failed
ee1c59e
Thu 17 Aug 2023 01:41:58 AM UTC: 
 exercises.c | 24 ++++++++++++++++++++----
 1 file changed, 20 insertions(+), 4 deletions(-)
In file included from test.c:1:
exercises.c: In function ‘filterEvenNumbers’:
exercises.c:47:15: error: ‘tamaño’ undeclared (first use in this function)
   47 |   for (i=0;i< tamaño; i++){
      |               ^~~~~~
exercises.c:47:15: note: each undeclared identifier is reported only once for each function it appears in
exercises.c:55:6: error: ‘nuevoTamaño’ undeclared (first use in this function)
   55 |     *nuevoTamaño = 0;
      |      ^~~~~~~~~~~
Compilation failed
6968b76
Thu 17 Aug 2023 01:42:29 AM UTC: 
 exercises.c | 2 +-
 1 file changed, 1 insertion(+), 1 deletion(-)
In file included from test.c:1:
exercises.c: In function ‘filterEvenNumbers’:
exercises.c:47:15: error: ‘tamaño’ undeclared (first use in this function)
   47 |   for (i=0;i< tamaño; i++){
      |               ^~~~~~
exercises.c:47:15: note: each undeclared identifier is reported only once for each function it appears in
exercises.c:55:6: error: ‘nuevoTamaño’ undeclared (first use in this function)
   55 |     *nuevoTamaño = 0;
      |      ^~~~~~~~~~~
Compilation failed
619ec04
Thu 17 Aug 2023 01:42:38 AM UTC: 
 exercises.c | 2 +-
 1 file changed, 1 insertion(+), 1 deletion(-)
In file included from test.c:1:
exercises.c: In function ‘filterEvenNumbers’:
exercises.c:55:6: error: ‘nuevoTamaño’ undeclared (first use in this function)
   55 |     *nuevoTamaño = 0;
      |      ^~~~~~~~~~~
exercises.c:55:6: note: each undeclared identifier is reported only once for each function it appears in
Compilation failed
d89c0d2
Thu 17 Aug 2023 01:43:14 AM UTC: 
 exercises.c | 2 +-
 1 file changed, 1 insertion(+), 1 deletion(-)
In file included from test.c:1:
exercises.c: In function ‘filterEvenNumbers’:
exercises.c:59:4: error: ‘nuevoTamaño’ undeclared (first use in this function)
   59 |   *nuevoTamaño=cantidadPares;
      |    ^~~~~~~~~~~
exercises.c:59:4: note: each undeclared identifier is reported only once for each function it appears in
Compilation failed
538418a
Thu 17 Aug 2023 01:43:23 AM UTC: 
 exercises.c | 2 +-
 1 file changed, 1 insertion(+), 1 deletion(-)
 tests:  0|4
total_score: 30/70
7af6a2d
Thu 17 Aug 2023 01:51:00 AM UTC: 
 exercises.c | 28 ++++++++++++++++++++++++++--
 1 file changed, 26 insertions(+), 2 deletions(-)
In file included from test.c:1:
exercises.c: In function ‘mergeSortedArrays’:
exercises.c:78:10: error: ‘i’ undeclared (first use in this function)
   78 |   while (i<size1&&j<size2){
      |          ^
exercises.c:78:10: note: each undeclared identifier is reported only once for each function it appears in
exercises.c:78:19: error: ‘j’ undeclared (first use in this function); did you mean ‘jn’?
   78 |   while (i<size1&&j<size2){
      |                   ^
      |                   jn
exercises.c:81:14: error: ‘k’ undeclared (first use in this function)
   81 |       result[k]=arr1[i];
      |              ^
Compilation failed
b12f7c7
Thu 17 Aug 2023 01:51:11 AM UTC: 
 exercises.c | 2 +-
 1 file changed, 1 insertion(+), 1 deletion(-)
In file included from test.c:1:
exercises.c: In function ‘mergeSortedArrays’:
exercises.c:78:19: error: ‘j’ undeclared (first use in this function)
   78 |   while (i<size1&&j<size2){
      |                   ^
exercises.c:78:19: note: each undeclared identifier is reported only once for each function it appears in
exercises.c:81:14: error: ‘k’ undeclared (first use in this function)
   81 |       result[k]=arr1[i];
      |              ^
Compilation failed
a6273ed
Thu 17 Aug 2023 01:51:19 AM UTC: 
 exercises.c | 2 +-
 1 file changed, 1 insertion(+), 1 deletion(-)
In file included from test.c:1:
exercises.c: In function ‘mergeSortedArrays’:
exercises.c:81:14: error: ‘k’ undeclared (first use in this function)
   81 |       result[k]=arr1[i];
      |              ^
exercises.c:81:14: note: each undeclared identifier is reported only once for each function it appears in
Compilation failed
614d869
Thu 17 Aug 2023 01:51:25 AM UTC: 
 exercises.c | 2 +-
 1 file changed, 1 insertion(+), 1 deletion(-)
In file included from test.c:1:
exercises.c: In function ‘mergeSortedArrays’:
exercises.c:78:11: error: ‘i’ is used uninitialized in this function [-Werror=uninitialized]
   78 |   while (i<size1&&j<size2){
      |          ~^~~~~~
exercises.c:78:20: error: ‘j’ is used uninitialized in this function [-Werror=uninitialized]
   78 |   while (i<size1&&j<size2){
      |                   ~^~~~~~
exercises.c:77:13: error: ‘k’ may be used uninitialized in this function [-Werror=maybe-uninitialized]
   77 |   int i, j, k;
      |             ^
cc1: all warnings being treated as errors
Compilation failed
60975c4
Thu 17 Aug 2023 01:52:00 AM UTC: 
 exercises.c | 2 +-
 1 file changed, 1 insertion(+), 1 deletion(-)
 tests:  0|3
total_score: 40/70
fe2c92a
Thu 17 Aug 2023 02:00:39 AM UTC: 
 exercises.c | 21 ++++++++++++++++++++-
 1 file changed, 20 insertions(+), 1 deletion(-)
 tests:  0|2
total_score: 50/70
bb28a34
